Digite o numero de vertices inicial do grafo:
-------------------------- 
OPCOES
1 - Adicionar vertice
2 - Adicionar aresta
3 - Remover aresta
4 - Mostrar vertices e arestas
5 - Mostrar lista de vertices adjacentes
6 - Remover aresta de menor weight
7 - Mostrar numero de vertices
8 - Verificar existencia de aresta
0 - Sair
Digite sua opcao: 
     1  2  3  4  5  6  7  8  9  10  
     ------------------------------
1: [ -1 -1 -1 -1 -1 -1 -1 -1 -1 -1 ]
2: [ -1 -1 -1 -1 -1 -1 -1 -1 -1 -1 ]
3: [ -1 -1 -1 -1 -1 -1 -1 -1 -1 -1 ]
4: [ -1 -1 -1 -1 -1 -1 -1 -1 -1 -1 ]
5: [ -1 -1 -1 -1 -1 -1 -1 -1 -1 -1 ]
6: [ -1 -1 -1 -1 -1 -1 -1 -1 -1 -1 ]
7: [ -1 -1 -1 -1 -1 -1 -1 -1 -1 -1 ]
8: [ -1 -1 -1 -1 -1 -1 -1 -1 -1 -1 ]
9: [ -1 -1 -1 -1 -1 -1 -1 -1 -1 -1 ]
10: [ -1 -1 -1 -1 -1 -1 -1 -1 -1 -1 ]

Vertices adjacentes ao 1: Nenhum
Vertices adjacentes ao 2: Nenhum
Vertices adjacentes ao 3: Nenhum
Vertices adjacentes ao 4: Nenhum
Vertices adjacentes ao 5: Nenhum
Vertices adjacentes ao 6: Nenhum
Vertices adjacentes ao 7: Nenhum
Vertices adjacentes ao 8: Nenhum
Vertices adjacentes ao 9: Nenhum
Vertices adjacentes ao 10: Nenhum
Numero de vertices: 10 , Numero de arestas bi-direcionais: 0 

--------------------------
OPCOES
1 - Adicionar vertice
2 - Adicionar aresta
3 - Remover aresta
4 - Mostrar vertices e arestas
5 - Mostrar lista de vertices adjacentes
6 - Remover aresta de menor weight
7 - Mostrar numero de vertices
8 - Verificar existencia de aresta
0 - Sair
Digite sua opcao: Digite os numeros dos vertices que deseja adicionar uma aresta: Digite o peso da aresta: 
--------------------------
OPCOES
1 - Adicionar vertice
2 - Adicionar aresta
3 - Remover aresta
4 - Mostrar vertices e arestas
5 - Mostrar lista de vertices adjacentes
6 - Remover aresta de menor weight
7 - Mostrar numero de vertices
8 - Verificar existencia de aresta
0 - Sair
Digite sua opcao: 
     1  2  3  4  5  6  7  8  9  10  
     ------------------------------
1: [ -1  5 -1 -1 -1 -1 -1 -1 -1 -1 ]
2: [  5 -1 -1 -1 -1 -1 -1 -1 -1 -1 ]
3: [ -1 -1 -1 -1 -1 -1 -1 -1 -1 -1 ]
4: [ -1 -1 -1 -1 -1 -1 -1 -1 -1 -1 ]
5: [ -1 -1 -1 -1 -1 -1 -1 -1 -1 -1 ]
6: [ -1 -1 -1 -1 -1 -1 -1 -1 -1 -1 ]
7: [ -1 -1 -1 -1 -1 -1 -1 -1 -1 -1 ]
8: [ -1 -1 -1 -1 -1 -1 -1 -1 -1 -1 ]
9: [ -1 -1 -1 -1 -1 -1 -1 -1 -1 -1 ]
10: [ -1 -1 -1 -1 -1 -1 -1 -1 -1 -1 ]

Vertices adjacentes ao 1: 2, 
Vertices adjacentes ao 2: 1, 
Vertices adjacentes ao 3: Nenhum
Vertices adjacentes ao 4: Nenhum
Vertices adjacentes ao 5: Nenhum
Vertices adjacentes ao 6: Nenhum
Vertices adjacentes ao 7: Nenhum
Vertices adjacentes ao 8: Nenhum
Vertices adjacentes ao 9: Nenhum
Vertices adjacentes ao 10: Nenhum
Numero de vertices: 10 , Numero de arestas bi-direcionais: 1 

--------------------------
OPCOES
1 - Adicionar vertice
2 - Adicionar aresta
3 - Remover aresta
4 - Mostrar vertices e arestas
5 - Mostrar lista de vertices adjacentes
6 - Remover aresta de menor weight
7 - Mostrar numero de vertices
8 - Verificar existencia de aresta
0 - Sair
Digite sua opcao: