Digite o numero de vertices inicial do grafo: 
--------------------------
OPCOES
1 - Adicionar vertice
2 - Adicionar aresta
3 - Remover aresta
4 - Mostrar vertices e arestas
5 - Mostrar lista de vertices adjacentes
6 - Remover aresta de menor weight
7 - Mostrar numero de vertices
8 - Verificar existencia de aresta
0 - Sair
Digite sua opcao: Digite os numeros dos vertices para verificar se existe aresta entre eles: Nao existe aresta.

--------------------------
OPCOES
1 - Adicionar vertice
2 - Adicionar aresta
3 - Remover aresta
4 - Mostrar vertices e arestas
5 - Mostrar lista de vertices adjacentes
6 - Remover aresta de menor weight
7 - Mostrar numero de vertices
8 - Verificar existencia de aresta
0 - Sair
Digite sua opcao: Digite os numeros dos vertices que deseja adicionar uma aresta: Digite o peso da aresta: 
--------------------------
OPCOES
1 - Adicionar vertice
2 - Adicionar aresta
3 - Remover aresta
4 - Mostrar vertices e arestas
5 - Mostrar lista de vertices adjacentes
6 - Remover aresta de menor weight
7 - Mostrar numero de vertices
8 - Verificar existencia de aresta
0 - Sair
Digite sua opcao: Digite os numeros dos vertices que deseja adicionar uma aresta: Digite o peso da aresta: 
--------------------------
OPCOES
1 - Adicionar vertice
2 - Adicionar aresta
3 - Remover aresta
4 - Mostrar vertices e arestas
5 - Mostrar lista de vertices adjacentes
6 - Remover aresta de menor weight
7 - Mostrar numero de vertices
8 - Verificar existencia de aresta
0 - Sair
Digite sua opcao: Digite os numeros dos vertices que deseja adicionar uma aresta: Digite o peso da aresta: 
--------------------------
OPCOES
1 - Adicionar vertice
2 - Adicionar aresta
3 - Remover aresta
4 - Mostrar vertices e arestas
5 - Mostrar lista de vertices adjacentes
6 - Remover aresta de menor weight
7 - Mostrar numero de vertices
8 - Verificar existencia de aresta
0 - Sair
Digite sua opcao: Digite o numero do vertice que deseja mostrar a lista de adjacencia:
Vertices adjacentes ao 2: 1, 3, 
--------------------------
OPCOES
1 - Adicionar vertice
2 - Adicionar aresta
3 - Remover aresta
4 - Mostrar vertices e arestas
5 - Mostrar lista de vertices adjacentes
6 - Remover aresta de menor weight
7 - Mostrar numero de vertices
8 - Verificar existencia de aresta
0 - Sair
Digite sua opcao: 
     1  2  3  4  
     ------------
1: [ -1  5 -1 -1 ]
2: [  5 -1  3 -1 ]
3: [ -1  3 -1  6 ]
4: [ -1 -1  6 -1 ]

Vertices adjacentes ao 1: 2, 
Vertices adjacentes ao 2: 1, 3, 
Vertices adjacentes ao 3: 2, 4, 
Vertices adjacentes ao 4: 3, 
Numero de vertices: 4 , Numero de arestas bi-direcionais: 3 

--------------------------
OPCOES
1 - Adicionar vertice
2 - Adicionar aresta
3 - Remover aresta
4 - Mostrar vertices e arestas
5 - Mostrar lista de vertices adjacentes
6 - Remover aresta de menor weight
7 - Mostrar numero de vertices
8 - Verificar existencia de aresta
0 - Sair
Digite sua opcao: 
--------------------------
OPCOES
1 - Adicionar vertice
2 - Adicionar aresta
3 - Remover aresta
4 - Mostrar vertices e arestas
5 - Mostrar lista de vertices adjacentes
6 - Remover aresta de menor weight
7 - Mostrar numero de vertices
8 - Verificar existencia de aresta
0 - Sair
Digite sua opcao: 
     1  2  3  4  
     ------------
1: [ -1  5 -1 -1 ]
2: [  5 -1 -1 -1 ]
3: [ -1 -1 -1  6 ]
4: [ -1 -1  6 -1 ]

Vertices adjacentes ao 1: 2, 
Vertices adjacentes ao 2: 1, 
Vertices adjacentes ao 3: 4, 
Vertices adjacentes ao 4: 3,
Numero de vertices: 4 , Numero de arestas bi-direcionais: 2 

--------------------------
OPCOES
1 - Adicionar vertice
2 - Adicionar aresta
3 - Remover aresta
4 - Mostrar vertices e arestas
5 - Mostrar lista de vertices adjacentes
6 - Remover aresta de menor weight
7 - Mostrar numero de vertices
8 - Verificar existencia de aresta
0 - Sair
Digite sua opcao: Digite os numeros dos vertices que deseja remover uma aresta: 
--------------------------
OPCOES
1 - Adicionar vertice
2 - Adicionar aresta
3 - Remover aresta
4 - Mostrar vertices e arestas
5 - Mostrar lista de vertices adjacentes
6 - Remover aresta de menor weight
7 - Mostrar numero de vertices
8 - Verificar existencia de aresta
0 - Sair
Digite sua opcao: Digite os numeros dos vertices para verificar se existe aresta entre eles: Nao existe aresta.

--------------------------
OPCOES
1 - Adicionar vertice
2 - Adicionar aresta
3 - Remover aresta
4 - Mostrar vertices e arestas
5 - Mostrar lista de vertices adjacentes
6 - Remover aresta de menor weight
7 - Mostrar numero de vertices
8 - Verificar existencia de aresta
0 - Sair
Digite sua opcao: 
     1  2  3  4  
     ------------
1: [ -1 -1 -1 -1 ]
2: [ -1 -1 -1 -1 ]
3: [ -1 -1 -1  6 ]
4: [ -1 -1  6 -1 ]

Vertices adjacentes ao 1: Nenhum
Vertices adjacentes ao 2: Nenhum
Vertices adjacentes ao 3: 4, 
Vertices adjacentes ao 4: 3, 
Numero de vertices: 4 , Numero de arestas bi-direcionais: 1 

--------------------------
OPCOES
1 - Adicionar vertice
2 - Adicionar aresta
3 - Remover aresta
4 - Mostrar vertices e arestas
5 - Mostrar lista de vertices adjacentes
6 - Remover aresta de menor weight
7 - Mostrar numero de vertices
8 - Verificar existencia de aresta
0 - Sair
Digite sua opcao: 